[2024-08-04T20:32:31.781+0530] {processor.py:161} INFO - Started process (PID=55348) to work on /Users/deepanshu/Desktop/etc-spark-airflow/airflow/dags/dags.py
[2024-08-04T20:32:31.782+0530] {processor.py:830} INFO - Processing file /Users/deepanshu/Desktop/etc-spark-airflow/airflow/dags/dags.py for tasks to queue
[2024-08-04T20:32:31.782+0530] {logging_mixin.py:188} INFO - [2024-08-04T20:32:31.782+0530] {dagbag.py:545} INFO - Filling up the DagBag from /Users/deepanshu/Desktop/etc-spark-airflow/airflow/dags/dags.py
[2024-08-04T20:32:39.170+0530] {processor.py:840} INFO - DAG(s) 'etl_pipeline' retrieved from /Users/deepanshu/Desktop/etc-spark-airflow/airflow/dags/dags.py
[2024-08-04T20:32:39.300+0530] {logging_mixin.py:188} INFO - [2024-08-04T20:32:39.300+0530] {override.py:1858} INFO - Created Permission View: can read on DAG:etl_pipeline
[2024-08-04T20:32:39.305+0530] {logging_mixin.py:188} INFO - [2024-08-04T20:32:39.305+0530] {override.py:1858} INFO - Created Permission View: can edit on DAG:etl_pipeline
[2024-08-04T20:32:39.308+0530] {logging_mixin.py:188} INFO - [2024-08-04T20:32:39.308+0530] {override.py:1858} INFO - Created Permission View: can delete on DAG:etl_pipeline
[2024-08-04T20:32:39.308+0530] {logging_mixin.py:188} INFO - [2024-08-04T20:32:39.308+0530] {dag.py:3089} INFO - Sync 1 DAGs
[2024-08-04T20:32:39.316+0530] {logging_mixin.py:188} INFO - [2024-08-04T20:32:39.315+0530] {dag.py:3111} INFO - Creating ORM DAG for etl_pipeline
[2024-08-04T20:32:39.362+0530] {logging_mixin.py:188} INFO - [2024-08-04T20:32:39.361+0530] {dag.py:3947} INFO - Setting next_dagrun for etl_pipeline to 2024-08-03 20:27:00+00:00, run_after=2024-08-04 20:27:00+00:00
[2024-08-04T20:32:39.372+0530] {processor.py:183} INFO - Processing /Users/deepanshu/Desktop/etc-spark-airflow/airflow/dags/dags.py took 7.593 seconds
[2024-08-04T20:33:34.283+0530] {processor.py:161} INFO - Started process (PID=55847) to work on /Users/deepanshu/Desktop/etc-spark-airflow/airflow/dags/dags.py
[2024-08-04T20:33:34.284+0530] {processor.py:830} INFO - Processing file /Users/deepanshu/Desktop/etc-spark-airflow/airflow/dags/dags.py for tasks to queue
[2024-08-04T20:33:34.285+0530] {logging_mixin.py:188} INFO - [2024-08-04T20:33:34.284+0530] {dagbag.py:545} INFO - Filling up the DagBag from /Users/deepanshu/Desktop/etc-spark-airflow/airflow/dags/dags.py
[2024-08-04T20:33:40.856+0530] {processor.py:840} INFO - DAG(s) 'etl_pipeline' retrieved from /Users/deepanshu/Desktop/etc-spark-airflow/airflow/dags/dags.py
[2024-08-04T20:33:40.972+0530] {logging_mixin.py:188} INFO - [2024-08-04T20:33:40.972+0530] {dag.py:3089} INFO - Sync 1 DAGs
[2024-08-04T20:33:40.983+0530] {logging_mixin.py:188} INFO - [2024-08-04T20:33:40.983+0530] {dag.py:3947} INFO - Setting next_dagrun for etl_pipeline to 2024-08-03 20:35:00+00:00, run_after=2024-08-04 20:35:00+00:00
[2024-08-04T20:33:41.043+0530] {processor.py:183} INFO - Processing /Users/deepanshu/Desktop/etc-spark-airflow/airflow/dags/dags.py took 6.762 seconds
[2024-08-04T20:35:26.076+0530] {processor.py:161} INFO - Started process (PID=56592) to work on /Users/deepanshu/Desktop/etc-spark-airflow/airflow/dags/dags.py
[2024-08-04T20:35:26.077+0530] {processor.py:830} INFO - Processing file /Users/deepanshu/Desktop/etc-spark-airflow/airflow/dags/dags.py for tasks to queue
[2024-08-04T20:35:26.077+0530] {logging_mixin.py:188} INFO - [2024-08-04T20:35:26.077+0530] {dagbag.py:545} INFO - Filling up the DagBag from /Users/deepanshu/Desktop/etc-spark-airflow/airflow/dags/dags.py
[2024-08-04T20:35:35.105+0530] {processor.py:161} INFO - Started process (PID=56696) to work on /Users/deepanshu/Desktop/etc-spark-airflow/airflow/dags/dags.py
[2024-08-04T20:35:35.105+0530] {processor.py:830} INFO - Processing file /Users/deepanshu/Desktop/etc-spark-airflow/airflow/dags/dags.py for tasks to queue
[2024-08-04T20:35:35.106+0530] {logging_mixin.py:188} INFO - [2024-08-04T20:35:35.106+0530] {dagbag.py:545} INFO - Filling up the DagBag from /Users/deepanshu/Desktop/etc-spark-airflow/airflow/dags/dags.py
[2024-08-04T20:35:43.286+0530] {processor.py:840} INFO - DAG(s) 'etl_pipeline' retrieved from /Users/deepanshu/Desktop/etc-spark-airflow/airflow/dags/dags.py
[2024-08-04T20:35:43.442+0530] {logging_mixin.py:188} INFO - [2024-08-04T20:35:43.441+0530] {dag.py:3089} INFO - Sync 1 DAGs
[2024-08-04T20:35:43.452+0530] {logging_mixin.py:188} INFO - [2024-08-04T20:35:43.452+0530] {dag.py:3947} INFO - Setting next_dagrun for etl_pipeline to 2024-08-03 20:36:00+00:00, run_after=2024-08-04 20:36:00+00:00
[2024-08-04T20:35:43.504+0530] {processor.py:183} INFO - Processing /Users/deepanshu/Desktop/etc-spark-airflow/airflow/dags/dags.py took 8.401 seconds
[2024-08-04T20:37:04.142+0530] {processor.py:161} INFO - Started process (PID=57364) to work on /Users/deepanshu/Desktop/etc-spark-airflow/airflow/dags/dags.py
[2024-08-04T20:37:04.143+0530] {processor.py:830} INFO - Processing file /Users/deepanshu/Desktop/etc-spark-airflow/airflow/dags/dags.py for tasks to queue
[2024-08-04T20:37:04.144+0530] {logging_mixin.py:188} INFO - [2024-08-04T20:37:04.144+0530] {dagbag.py:545} INFO - Filling up the DagBag from /Users/deepanshu/Desktop/etc-spark-airflow/airflow/dags/dags.py
[2024-08-04T20:37:12.617+0530] {processor.py:840} INFO - DAG(s) 'etl_pipeline' retrieved from /Users/deepanshu/Desktop/etc-spark-airflow/airflow/dags/dags.py
[2024-08-04T20:37:12.755+0530] {logging_mixin.py:188} INFO - [2024-08-04T20:37:12.754+0530] {dag.py:3089} INFO - Sync 1 DAGs
[2024-08-04T20:37:12.765+0530] {logging_mixin.py:188} INFO - [2024-08-04T20:37:12.765+0530] {dag.py:3947} INFO - Setting next_dagrun for etl_pipeline to 2024-08-03 20:38:00+00:00, run_after=2024-08-04 20:38:00+00:00
[2024-08-04T20:37:12.818+0530] {processor.py:183} INFO - Processing /Users/deepanshu/Desktop/etc-spark-airflow/airflow/dags/dags.py took 8.680 seconds
[2024-08-04T20:39:06.371+0530] {processor.py:161} INFO - Started process (PID=58309) to work on /Users/deepanshu/Desktop/etc-spark-airflow/airflow/dags/dags.py
[2024-08-04T20:39:06.372+0530] {processor.py:830} INFO - Processing file /Users/deepanshu/Desktop/etc-spark-airflow/airflow/dags/dags.py for tasks to queue
[2024-08-04T20:39:06.372+0530] {logging_mixin.py:188} INFO - [2024-08-04T20:39:06.372+0530] {dagbag.py:545} INFO - Filling up the DagBag from /Users/deepanshu/Desktop/etc-spark-airflow/airflow/dags/dags.py
[2024-08-04T20:39:13.252+0530] {processor.py:840} INFO - DAG(s) 'etl_pipeline' retrieved from /Users/deepanshu/Desktop/etc-spark-airflow/airflow/dags/dags.py
[2024-08-04T20:39:13.316+0530] {logging_mixin.py:188} INFO - [2024-08-04T20:39:13.316+0530] {dag.py:3089} INFO - Sync 1 DAGs
[2024-08-04T20:39:13.326+0530] {logging_mixin.py:188} INFO - [2024-08-04T20:39:13.326+0530] {dag.py:3947} INFO - Setting next_dagrun for etl_pipeline to 2024-08-03 20:38:00+00:00, run_after=2024-08-04 20:38:00+00:00
[2024-08-04T20:39:13.337+0530] {processor.py:183} INFO - Processing /Users/deepanshu/Desktop/etc-spark-airflow/airflow/dags/dags.py took 6.968 seconds
[2024-08-04T20:40:24.242+0530] {processor.py:161} INFO - Started process (PID=58900) to work on /Users/deepanshu/Desktop/etc-spark-airflow/airflow/dags/dags.py
[2024-08-04T20:40:24.243+0530] {processor.py:830} INFO - Processing file /Users/deepanshu/Desktop/etc-spark-airflow/airflow/dags/dags.py for tasks to queue
[2024-08-04T20:40:24.244+0530] {logging_mixin.py:188} INFO - [2024-08-04T20:40:24.243+0530] {dagbag.py:545} INFO - Filling up the DagBag from /Users/deepanshu/Desktop/etc-spark-airflow/airflow/dags/dags.py
[2024-08-04T20:40:36.408+0530] {processor.py:161} INFO - Started process (PID=59024) to work on /Users/deepanshu/Desktop/etc-spark-airflow/airflow/dags/dags.py
[2024-08-04T20:40:36.408+0530] {processor.py:830} INFO - Processing file /Users/deepanshu/Desktop/etc-spark-airflow/airflow/dags/dags.py for tasks to queue
[2024-08-04T20:40:36.409+0530] {logging_mixin.py:188} INFO - [2024-08-04T20:40:36.409+0530] {dagbag.py:545} INFO - Filling up the DagBag from /Users/deepanshu/Desktop/etc-spark-airflow/airflow/dags/dags.py
[2024-08-04T20:40:44.551+0530] {logging_mixin.py:188} INFO - +---+--------------------+--------------------+---------------+-----------+
| id|                name|         description|       category|avg(rating)|
+---+--------------------+--------------------+---------------+-----------+
|  1|        Sample Movie|  Sample Description|Sample Category|        4.0|
|  3|            Holidate|Holidate is a 202...|         Romcom|        3.0|
|  4|          Extraction|Extraction is a 2...|         Action|        5.0|
|  2|Avengers: Infinit...|Avengers: Infinit...|         Sci-Fi|        5.0|
+---+--------------------+--------------------+---------------+-----------+
[2024-08-04T20:40:44.552+0530] {logging_mixin.py:188} INFO - None
[2024-08-04T20:40:44.561+0530] {processor.py:840} INFO - DAG(s) 'etl_pipeline' retrieved from /Users/deepanshu/Desktop/etc-spark-airflow/airflow/dags/dags.py
[2024-08-04T20:40:44.702+0530] {logging_mixin.py:188} INFO - [2024-08-04T20:40:44.702+0530] {dag.py:3089} INFO - Sync 1 DAGs
[2024-08-04T20:40:44.712+0530] {logging_mixin.py:188} INFO - [2024-08-04T20:40:44.712+0530] {dag.py:3947} INFO - Setting next_dagrun for etl_pipeline to 2024-08-03 20:42:00+00:00, run_after=2024-08-04 20:42:00+00:00
[2024-08-04T20:40:44.764+0530] {processor.py:183} INFO - Processing /Users/deepanshu/Desktop/etc-spark-airflow/airflow/dags/dags.py took 8.358 seconds
[2024-08-04T20:42:28.943+0530] {processor.py:161} INFO - Started process (PID=59835) to work on /Users/deepanshu/Desktop/etc-spark-airflow/airflow/dags/dags.py
[2024-08-04T20:42:28.945+0530] {processor.py:830} INFO - Processing file /Users/deepanshu/Desktop/etc-spark-airflow/airflow/dags/dags.py for tasks to queue
[2024-08-04T20:42:28.945+0530] {logging_mixin.py:188} INFO - [2024-08-04T20:42:28.945+0530] {dagbag.py:545} INFO - Filling up the DagBag from /Users/deepanshu/Desktop/etc-spark-airflow/airflow/dags/dags.py
[2024-08-04T20:42:36.014+0530] {logging_mixin.py:188} INFO - +---+--------------------+--------------------+---------------+-----------+
| id|                name|         description|       category|avg(rating)|
+---+--------------------+--------------------+---------------+-----------+
|  1|        Sample Movie|  Sample Description|Sample Category|        4.0|
|  3|            Holidate|Holidate is a 202...|         Romcom|        3.0|
|  4|          Extraction|Extraction is a 2...|         Action|        5.0|
|  2|Avengers: Infinit...|Avengers: Infinit...|         Sci-Fi|        5.0|
+---+--------------------+--------------------+---------------+-----------+
[2024-08-04T20:42:36.015+0530] {logging_mixin.py:188} INFO - None
[2024-08-04T20:42:36.019+0530] {processor.py:840} INFO - DAG(s) 'etl_pipeline' retrieved from /Users/deepanshu/Desktop/etc-spark-airflow/airflow/dags/dags.py
[2024-08-04T20:42:36.080+0530] {logging_mixin.py:188} INFO - [2024-08-04T20:42:36.079+0530] {dag.py:3089} INFO - Sync 1 DAGs
[2024-08-04T20:42:36.089+0530] {logging_mixin.py:188} INFO - [2024-08-04T20:42:36.089+0530] {dag.py:3947} INFO - Setting next_dagrun for etl_pipeline to 2024-08-03 20:42:00+00:00, run_after=2024-08-04 20:42:00+00:00
[2024-08-04T20:42:36.106+0530] {processor.py:183} INFO - Processing /Users/deepanshu/Desktop/etc-spark-airflow/airflow/dags/dags.py took 7.165 seconds
[2024-08-04T20:43:49.908+0530] {processor.py:161} INFO - Started process (PID=60399) to work on /Users/deepanshu/Desktop/etc-spark-airflow/airflow/dags/dags.py
[2024-08-04T20:43:49.909+0530] {processor.py:830} INFO - Processing file /Users/deepanshu/Desktop/etc-spark-airflow/airflow/dags/dags.py for tasks to queue
[2024-08-04T20:43:49.909+0530] {logging_mixin.py:188} INFO - [2024-08-04T20:43:49.909+0530] {dagbag.py:545} INFO - Filling up the DagBag from /Users/deepanshu/Desktop/etc-spark-airflow/airflow/dags/dags.py
[2024-08-04T20:43:56.830+0530] {logging_mixin.py:188} INFO - +---+--------------------+--------------------+---------------+-----------+
| id|                name|         description|       category|avg(rating)|
+---+--------------------+--------------------+---------------+-----------+
|  1|        Sample Movie|  Sample Description|Sample Category|        4.0|
|  3|            Holidate|Holidate is a 202...|         Romcom|        3.0|
|  4|          Extraction|Extraction is a 2...|         Action|        5.0|
|  2|Avengers: Infinit...|Avengers: Infinit...|         Sci-Fi|        5.0|
+---+--------------------+--------------------+---------------+-----------+
[2024-08-04T20:43:56.833+0530] {logging_mixin.py:188} INFO - None
[2024-08-04T20:43:56.840+0530] {processor.py:840} INFO - DAG(s) 'etl_pipeline' retrieved from /Users/deepanshu/Desktop/etc-spark-airflow/airflow/dags/dags.py
[2024-08-04T20:43:56.983+0530] {logging_mixin.py:188} INFO - [2024-08-04T20:43:56.982+0530] {dag.py:3089} INFO - Sync 1 DAGs
[2024-08-04T20:43:56.995+0530] {logging_mixin.py:188} INFO - [2024-08-04T20:43:56.995+0530] {dag.py:3947} INFO - Setting next_dagrun for etl_pipeline to 2024-08-03 20:42:00+00:00, run_after=2024-08-04 20:42:00+00:00
[2024-08-04T20:43:57.009+0530] {processor.py:183} INFO - Processing /Users/deepanshu/Desktop/etc-spark-airflow/airflow/dags/dags.py took 7.104 seconds
[2024-08-04T20:44:24.679+0530] {processor.py:161} INFO - Started process (PID=60699) to work on /Users/deepanshu/Desktop/etc-spark-airflow/airflow/dags/dags.py
[2024-08-04T20:44:24.679+0530] {processor.py:830} INFO - Processing file /Users/deepanshu/Desktop/etc-spark-airflow/airflow/dags/dags.py for tasks to queue
[2024-08-04T20:44:24.680+0530] {logging_mixin.py:188} INFO - [2024-08-04T20:44:24.680+0530] {dagbag.py:545} INFO - Filling up the DagBag from /Users/deepanshu/Desktop/etc-spark-airflow/airflow/dags/dags.py
[2024-08-04T20:44:27.519+0530] {processor.py:840} INFO - DAG(s) 'etl_pipeline' retrieved from /Users/deepanshu/Desktop/etc-spark-airflow/airflow/dags/dags.py
[2024-08-04T20:44:27.650+0530] {logging_mixin.py:188} INFO - [2024-08-04T20:44:27.650+0530] {dag.py:3089} INFO - Sync 1 DAGs
[2024-08-04T20:44:27.662+0530] {logging_mixin.py:188} INFO - [2024-08-04T20:44:27.662+0530] {dag.py:3947} INFO - Setting next_dagrun for etl_pipeline to 2024-08-03 20:46:00+00:00, run_after=2024-08-04 20:46:00+00:00
[2024-08-04T20:44:27.722+0530] {processor.py:183} INFO - Processing /Users/deepanshu/Desktop/etc-spark-airflow/airflow/dags/dags.py took 3.045 seconds
[2024-08-04T20:46:16.675+0530] {processor.py:161} INFO - Started process (PID=61463) to work on /Users/deepanshu/Desktop/etc-spark-airflow/airflow/dags/dags.py
[2024-08-04T20:46:16.677+0530] {processor.py:830} INFO - Processing file /Users/deepanshu/Desktop/etc-spark-airflow/airflow/dags/dags.py for tasks to queue
[2024-08-04T20:46:16.677+0530] {logging_mixin.py:188} INFO - [2024-08-04T20:46:16.677+0530] {dagbag.py:545} INFO - Filling up the DagBag from /Users/deepanshu/Desktop/etc-spark-airflow/airflow/dags/dags.py
[2024-08-04T20:46:19.621+0530] {processor.py:840} INFO - DAG(s) 'etl_pipeline' retrieved from /Users/deepanshu/Desktop/etc-spark-airflow/airflow/dags/dags.py
[2024-08-04T20:46:19.679+0530] {logging_mixin.py:188} INFO - [2024-08-04T20:46:19.678+0530] {dag.py:3089} INFO - Sync 1 DAGs
[2024-08-04T20:46:19.688+0530] {logging_mixin.py:188} INFO - [2024-08-04T20:46:19.688+0530] {dag.py:3947} INFO - Setting next_dagrun for etl_pipeline to 2024-08-03 20:46:00+00:00, run_after=2024-08-04 20:46:00+00:00
[2024-08-04T20:46:19.699+0530] {processor.py:183} INFO - Processing /Users/deepanshu/Desktop/etc-spark-airflow/airflow/dags/dags.py took 3.026 seconds
[2024-08-04T20:47:40.530+0530] {processor.py:161} INFO - Started process (PID=62046) to work on /Users/deepanshu/Desktop/etc-spark-airflow/airflow/dags/dags.py
[2024-08-04T20:47:40.532+0530] {processor.py:830} INFO - Processing file /Users/deepanshu/Desktop/etc-spark-airflow/airflow/dags/dags.py for tasks to queue
[2024-08-04T20:47:40.532+0530] {logging_mixin.py:188} INFO - [2024-08-04T20:47:40.532+0530] {dagbag.py:545} INFO - Filling up the DagBag from /Users/deepanshu/Desktop/etc-spark-airflow/airflow/dags/dags.py
[2024-08-04T20:47:44.022+0530] {processor.py:840} INFO - DAG(s) 'etl_pipeline' retrieved from /Users/deepanshu/Desktop/etc-spark-airflow/airflow/dags/dags.py
[2024-08-04T20:47:44.081+0530] {logging_mixin.py:188} INFO - [2024-08-04T20:47:44.081+0530] {dag.py:3089} INFO - Sync 1 DAGs
[2024-08-04T20:47:44.091+0530] {logging_mixin.py:188} INFO - [2024-08-04T20:47:44.091+0530] {dag.py:3947} INFO - Setting next_dagrun for etl_pipeline to 2024-08-03 20:46:00+00:00, run_after=2024-08-04 20:46:00+00:00
[2024-08-04T20:47:44.102+0530] {processor.py:183} INFO - Processing /Users/deepanshu/Desktop/etc-spark-airflow/airflow/dags/dags.py took 3.573 seconds
[2024-08-04T20:48:55.584+0530] {processor.py:161} INFO - Started process (PID=62581) to work on /Users/deepanshu/Desktop/etc-spark-airflow/airflow/dags/dags.py
[2024-08-04T20:48:55.584+0530] {processor.py:830} INFO - Processing file /Users/deepanshu/Desktop/etc-spark-airflow/airflow/dags/dags.py for tasks to queue
[2024-08-04T20:48:55.585+0530] {logging_mixin.py:188} INFO - [2024-08-04T20:48:55.585+0530] {dagbag.py:545} INFO - Filling up the DagBag from /Users/deepanshu/Desktop/etc-spark-airflow/airflow/dags/dags.py
[2024-08-04T20:48:58.209+0530] {processor.py:840} INFO - DAG(s) 'etl_pipeline' retrieved from /Users/deepanshu/Desktop/etc-spark-airflow/airflow/dags/dags.py
[2024-08-04T20:48:58.266+0530] {logging_mixin.py:188} INFO - [2024-08-04T20:48:58.265+0530] {dag.py:3089} INFO - Sync 1 DAGs
[2024-08-04T20:48:58.278+0530] {logging_mixin.py:188} INFO - [2024-08-04T20:48:58.278+0530] {dag.py:3947} INFO - Setting next_dagrun for etl_pipeline to 2024-08-03 20:46:00+00:00, run_after=2024-08-04 20:46:00+00:00
[2024-08-04T20:48:58.289+0530] {processor.py:183} INFO - Processing /Users/deepanshu/Desktop/etc-spark-airflow/airflow/dags/dags.py took 2.708 seconds
[2024-08-04T20:50:12.155+0530] {processor.py:161} INFO - Started process (PID=63089) to work on /Users/deepanshu/Desktop/etc-spark-airflow/airflow/dags/dags.py
[2024-08-04T20:50:12.156+0530] {processor.py:830} INFO - Processing file /Users/deepanshu/Desktop/etc-spark-airflow/airflow/dags/dags.py for tasks to queue
[2024-08-04T20:50:12.156+0530] {logging_mixin.py:188} INFO - [2024-08-04T20:50:12.156+0530] {dagbag.py:545} INFO - Filling up the DagBag from /Users/deepanshu/Desktop/etc-spark-airflow/airflow/dags/dags.py
[2024-08-04T20:50:14.919+0530] {processor.py:840} INFO - DAG(s) 'etl_pipeline' retrieved from /Users/deepanshu/Desktop/etc-spark-airflow/airflow/dags/dags.py
[2024-08-04T20:50:14.981+0530] {logging_mixin.py:188} INFO - [2024-08-04T20:50:14.981+0530] {dag.py:3089} INFO - Sync 1 DAGs
[2024-08-04T20:50:14.990+0530] {logging_mixin.py:188} INFO - [2024-08-04T20:50:14.990+0530] {dag.py:3947} INFO - Setting next_dagrun for etl_pipeline to 2024-08-03 20:46:00+00:00, run_after=2024-08-04 20:46:00+00:00
[2024-08-04T20:50:15.003+0530] {processor.py:183} INFO - Processing /Users/deepanshu/Desktop/etc-spark-airflow/airflow/dags/dags.py took 2.850 seconds
[2024-08-04T20:50:30.439+0530] {processor.py:161} INFO - Started process (PID=63263) to work on /Users/deepanshu/Desktop/etc-spark-airflow/airflow/dags/dags.py
[2024-08-04T20:50:30.440+0530] {processor.py:830} INFO - Processing file /Users/deepanshu/Desktop/etc-spark-airflow/airflow/dags/dags.py for tasks to queue
[2024-08-04T20:50:30.440+0530] {logging_mixin.py:188} INFO - [2024-08-04T20:50:30.440+0530] {dagbag.py:545} INFO - Filling up the DagBag from /Users/deepanshu/Desktop/etc-spark-airflow/airflow/dags/dags.py
[2024-08-04T20:50:33.071+0530] {processor.py:840} INFO - DAG(s) 'etl_pipeline' retrieved from /Users/deepanshu/Desktop/etc-spark-airflow/airflow/dags/dags.py
[2024-08-04T20:50:33.191+0530] {logging_mixin.py:188} INFO - [2024-08-04T20:50:33.191+0530] {dag.py:3089} INFO - Sync 1 DAGs
[2024-08-04T20:50:33.201+0530] {logging_mixin.py:188} INFO - [2024-08-04T20:50:33.200+0530] {dag.py:3947} INFO - Setting next_dagrun for etl_pipeline to 2024-08-03 20:52:00+00:00, run_after=2024-08-04 20:52:00+00:00
[2024-08-04T20:50:33.252+0530] {processor.py:183} INFO - Processing /Users/deepanshu/Desktop/etc-spark-airflow/airflow/dags/dags.py took 2.815 seconds
[2024-08-04T20:52:14.340+0530] {processor.py:161} INFO - Started process (PID=63962) to work on /Users/deepanshu/Desktop/etc-spark-airflow/airflow/dags/dags.py
[2024-08-04T20:52:14.341+0530] {processor.py:830} INFO - Processing file /Users/deepanshu/Desktop/etc-spark-airflow/airflow/dags/dags.py for tasks to queue
[2024-08-04T20:52:14.341+0530] {logging_mixin.py:188} INFO - [2024-08-04T20:52:14.341+0530] {dagbag.py:545} INFO - Filling up the DagBag from /Users/deepanshu/Desktop/etc-spark-airflow/airflow/dags/dags.py
[2024-08-04T20:52:17.011+0530] {processor.py:840} INFO - DAG(s) 'etl_pipeline' retrieved from /Users/deepanshu/Desktop/etc-spark-airflow/airflow/dags/dags.py
[2024-08-04T20:52:17.068+0530] {logging_mixin.py:188} INFO - [2024-08-04T20:52:17.068+0530] {dag.py:3089} INFO - Sync 1 DAGs
[2024-08-04T20:52:17.077+0530] {logging_mixin.py:188} INFO - [2024-08-04T20:52:17.077+0530] {dag.py:3947} INFO - Setting next_dagrun for etl_pipeline to 2024-08-03 20:52:00+00:00, run_after=2024-08-04 20:52:00+00:00
[2024-08-04T20:52:17.088+0530] {processor.py:183} INFO - Processing /Users/deepanshu/Desktop/etc-spark-airflow/airflow/dags/dags.py took 2.750 seconds
[2024-08-04T20:53:38.931+0530] {processor.py:161} INFO - Started process (PID=64573) to work on /Users/deepanshu/Desktop/etc-spark-airflow/airflow/dags/dags.py
[2024-08-04T20:53:38.932+0530] {processor.py:830} INFO - Processing file /Users/deepanshu/Desktop/etc-spark-airflow/airflow/dags/dags.py for tasks to queue
[2024-08-04T20:53:38.933+0530] {logging_mixin.py:188} INFO - [2024-08-04T20:53:38.933+0530] {dagbag.py:545} INFO - Filling up the DagBag from /Users/deepanshu/Desktop/etc-spark-airflow/airflow/dags/dags.py
[2024-08-04T20:53:41.982+0530] {processor.py:840} INFO - DAG(s) 'etl_pipeline' retrieved from /Users/deepanshu/Desktop/etc-spark-airflow/airflow/dags/dags.py
[2024-08-04T20:53:42.039+0530] {logging_mixin.py:188} INFO - [2024-08-04T20:53:42.039+0530] {dag.py:3089} INFO - Sync 1 DAGs
[2024-08-04T20:53:42.048+0530] {logging_mixin.py:188} INFO - [2024-08-04T20:53:42.048+0530] {dag.py:3947} INFO - Setting next_dagrun for etl_pipeline to 2024-08-03 20:52:00+00:00, run_after=2024-08-04 20:52:00+00:00
[2024-08-04T20:53:42.059+0530] {processor.py:183} INFO - Processing /Users/deepanshu/Desktop/etc-spark-airflow/airflow/dags/dags.py took 3.129 seconds
[2024-08-04T20:54:28.212+0530] {processor.py:161} INFO - Started process (PID=65023) to work on /Users/deepanshu/Desktop/etc-spark-airflow/airflow/dags/dags.py
[2024-08-04T20:54:28.214+0530] {processor.py:830} INFO - Processing file /Users/deepanshu/Desktop/etc-spark-airflow/airflow/dags/dags.py for tasks to queue
[2024-08-04T20:54:28.214+0530] {logging_mixin.py:188} INFO - [2024-08-04T20:54:28.214+0530] {dagbag.py:545} INFO - Filling up the DagBag from /Users/deepanshu/Desktop/etc-spark-airflow/airflow/dags/dags.py
[2024-08-04T20:54:30.977+0530] {logging_mixin.py:188} INFO - [2024-08-04T20:54:30.974+0530] {dagbag.py:452} ERROR - Failed to bag_dag: /Users/deepanshu/Desktop/etc-spark-airflow/airflow/dags/dags.py
Traceback (most recent call last):
  File "/Users/deepanshu/Desktop/etc-spark-airflow/env/lib/python3.12/site-packages/airflow/timetables/_cron.py", line 100, in validate
    croniter(self._expression)
  File "/Users/deepanshu/Desktop/etc-spark-airflow/env/lib/python3.12/site-packages/croniter/croniter.py", line 217, in __init__
    self.expanded, self.nth_weekday_of_month = self.expand(
                                               ^^^^^^^^^^^^
  File "/Users/deepanshu/Desktop/etc-spark-airflow/env/lib/python3.12/site-packages/croniter/croniter.py", line 943, in expand
    return cls._expand(expr_format, hash_id=hash_id,
           ^^^^^^^^^^^^^^^^^^^^^^^^^^^^^^^^^^^^^^^^^
  File "/Users/deepanshu/Desktop/etc-spark-airflow/env/lib/python3.12/site-packages/croniter/croniter.py", line 760, in _expand
    raise CroniterBadCronError(cls.bad_length)
croniter.croniter.CroniterBadCronError: Exactly 5, 6 or 7 columns has to be specified for iterator expression.

During handling of the above exception, another exception occurred:

Traceback (most recent call last):
  File "/Users/deepanshu/Desktop/etc-spark-airflow/env/lib/python3.12/site-packages/airflow/models/dagbag.py", line 447, in _process_modules
    dag.validate()
  File "/Users/deepanshu/Desktop/etc-spark-airflow/env/lib/python3.12/site-packages/airflow/models/dag.py", line 768, in validate
    self.timetable.validate()
  File "/Users/deepanshu/Desktop/etc-spark-airflow/env/lib/python3.12/site-packages/airflow/timetables/_cron.py", line 102, in validate
    raise AirflowTimetableInvalid(str(e))
airflow.exceptions.AirflowTimetableInvalid: Exactly 5, 6 or 7 columns has to be specified for iterator expression.
[2024-08-04T20:54:30.977+0530] {processor.py:842} WARNING - No viable dags retrieved from /Users/deepanshu/Desktop/etc-spark-airflow/airflow/dags/dags.py
[2024-08-04T20:54:31.046+0530] {processor.py:183} INFO - Processing /Users/deepanshu/Desktop/etc-spark-airflow/airflow/dags/dags.py took 2.835 seconds
[2024-08-04T20:56:14.530+0530] {processor.py:161} INFO - Started process (PID=65743) to work on /Users/deepanshu/Desktop/etc-spark-airflow/airflow/dags/dags.py
[2024-08-04T20:56:14.531+0530] {processor.py:830} INFO - Processing file /Users/deepanshu/Desktop/etc-spark-airflow/airflow/dags/dags.py for tasks to queue
[2024-08-04T20:56:14.531+0530] {logging_mixin.py:188} INFO - [2024-08-04T20:56:14.531+0530] {dagbag.py:545} INFO - Filling up the DagBag from /Users/deepanshu/Desktop/etc-spark-airflow/airflow/dags/dags.py
[2024-08-04T20:56:17.337+0530] {logging_mixin.py:188} INFO - [2024-08-04T20:56:17.334+0530] {dagbag.py:452} ERROR - Failed to bag_dag: /Users/deepanshu/Desktop/etc-spark-airflow/airflow/dags/dags.py
Traceback (most recent call last):
  File "/Users/deepanshu/Desktop/etc-spark-airflow/env/lib/python3.12/site-packages/airflow/timetables/_cron.py", line 100, in validate
    croniter(self._expression)
  File "/Users/deepanshu/Desktop/etc-spark-airflow/env/lib/python3.12/site-packages/croniter/croniter.py", line 217, in __init__
    self.expanded, self.nth_weekday_of_month = self.expand(
                                               ^^^^^^^^^^^^
  File "/Users/deepanshu/Desktop/etc-spark-airflow/env/lib/python3.12/site-packages/croniter/croniter.py", line 943, in expand
    return cls._expand(expr_format, hash_id=hash_id,
           ^^^^^^^^^^^^^^^^^^^^^^^^^^^^^^^^^^^^^^^^^
  File "/Users/deepanshu/Desktop/etc-spark-airflow/env/lib/python3.12/site-packages/croniter/croniter.py", line 760, in _expand
    raise CroniterBadCronError(cls.bad_length)
croniter.croniter.CroniterBadCronError: Exactly 5, 6 or 7 columns has to be specified for iterator expression.

During handling of the above exception, another exception occurred:

Traceback (most recent call last):
  File "/Users/deepanshu/Desktop/etc-spark-airflow/env/lib/python3.12/site-packages/airflow/models/dagbag.py", line 447, in _process_modules
    dag.validate()
  File "/Users/deepanshu/Desktop/etc-spark-airflow/env/lib/python3.12/site-packages/airflow/models/dag.py", line 768, in validate
    self.timetable.validate()
  File "/Users/deepanshu/Desktop/etc-spark-airflow/env/lib/python3.12/site-packages/airflow/timetables/_cron.py", line 102, in validate
    raise AirflowTimetableInvalid(str(e))
airflow.exceptions.AirflowTimetableInvalid: Exactly 5, 6 or 7 columns has to be specified for iterator expression.
[2024-08-04T20:56:17.337+0530] {processor.py:842} WARNING - No viable dags retrieved from /Users/deepanshu/Desktop/etc-spark-airflow/airflow/dags/dags.py
[2024-08-04T20:56:17.391+0530] {processor.py:183} INFO - Processing /Users/deepanshu/Desktop/etc-spark-airflow/airflow/dags/dags.py took 2.863 seconds
[2024-08-04T20:56:28.484+0530] {processor.py:161} INFO - Started process (PID=65885) to work on /Users/deepanshu/Desktop/etc-spark-airflow/airflow/dags/dags.py
[2024-08-04T20:56:28.484+0530] {processor.py:830} INFO - Processing file /Users/deepanshu/Desktop/etc-spark-airflow/airflow/dags/dags.py for tasks to queue
[2024-08-04T20:56:28.485+0530] {logging_mixin.py:188} INFO - [2024-08-04T20:56:28.484+0530] {dagbag.py:545} INFO - Filling up the DagBag from /Users/deepanshu/Desktop/etc-spark-airflow/airflow/dags/dags.py
[2024-08-04T20:56:31.312+0530] {logging_mixin.py:188} INFO - [2024-08-04T20:56:31.309+0530] {dagbag.py:452} ERROR - Failed to bag_dag: /Users/deepanshu/Desktop/etc-spark-airflow/airflow/dags/dags.py
Traceback (most recent call last):
  File "/Users/deepanshu/Desktop/etc-spark-airflow/env/lib/python3.12/site-packages/airflow/timetables/_cron.py", line 100, in validate
    croniter(self._expression)
  File "/Users/deepanshu/Desktop/etc-spark-airflow/env/lib/python3.12/site-packages/croniter/croniter.py", line 217, in __init__
    self.expanded, self.nth_weekday_of_month = self.expand(
                                               ^^^^^^^^^^^^
  File "/Users/deepanshu/Desktop/etc-spark-airflow/env/lib/python3.12/site-packages/croniter/croniter.py", line 943, in expand
    return cls._expand(expr_format, hash_id=hash_id,
           ^^^^^^^^^^^^^^^^^^^^^^^^^^^^^^^^^^^^^^^^^
  File "/Users/deepanshu/Desktop/etc-spark-airflow/env/lib/python3.12/site-packages/croniter/croniter.py", line 760, in _expand
    raise CroniterBadCronError(cls.bad_length)
croniter.croniter.CroniterBadCronError: Exactly 5, 6 or 7 columns has to be specified for iterator expression.

During handling of the above exception, another exception occurred:

Traceback (most recent call last):
  File "/Users/deepanshu/Desktop/etc-spark-airflow/env/lib/python3.12/site-packages/airflow/models/dagbag.py", line 447, in _process_modules
    dag.validate()
  File "/Users/deepanshu/Desktop/etc-spark-airflow/env/lib/python3.12/site-packages/airflow/models/dag.py", line 768, in validate
    self.timetable.validate()
  File "/Users/deepanshu/Desktop/etc-spark-airflow/env/lib/python3.12/site-packages/airflow/timetables/_cron.py", line 102, in validate
    raise AirflowTimetableInvalid(str(e))
airflow.exceptions.AirflowTimetableInvalid: Exactly 5, 6 or 7 columns has to be specified for iterator expression.
[2024-08-04T20:56:31.312+0530] {processor.py:842} WARNING - No viable dags retrieved from /Users/deepanshu/Desktop/etc-spark-airflow/airflow/dags/dags.py
[2024-08-04T20:56:31.377+0530] {processor.py:183} INFO - Processing /Users/deepanshu/Desktop/etc-spark-airflow/airflow/dags/dags.py took 2.896 seconds
[2024-08-04T20:56:55.454+0530] {processor.py:161} INFO - Started process (PID=66128) to work on /Users/deepanshu/Desktop/etc-spark-airflow/airflow/dags/dags.py
[2024-08-04T20:56:55.455+0530] {processor.py:830} INFO - Processing file /Users/deepanshu/Desktop/etc-spark-airflow/airflow/dags/dags.py for tasks to queue
[2024-08-04T20:56:55.455+0530] {logging_mixin.py:188} INFO - [2024-08-04T20:56:55.455+0530] {dagbag.py:545} INFO - Filling up the DagBag from /Users/deepanshu/Desktop/etc-spark-airflow/airflow/dags/dags.py
[2024-08-04T20:56:58.113+0530] {processor.py:840} INFO - DAG(s) 'etl_pipeline' retrieved from /Users/deepanshu/Desktop/etc-spark-airflow/airflow/dags/dags.py
[2024-08-04T20:56:58.237+0530] {logging_mixin.py:188} INFO - [2024-08-04T20:56:58.237+0530] {dag.py:3089} INFO - Sync 1 DAGs
[2024-08-04T20:56:58.248+0530] {logging_mixin.py:188} INFO - [2024-08-04T20:56:58.247+0530] {dag.py:3947} INFO - Setting next_dagrun for etl_pipeline to 2024-08-03 20:58:00+00:00, run_after=2024-08-04 20:58:00+00:00
[2024-08-04T20:56:58.302+0530] {processor.py:183} INFO - Processing /Users/deepanshu/Desktop/etc-spark-airflow/airflow/dags/dags.py took 2.850 seconds
[2024-08-04T20:58:01.840+0530] {processor.py:161} INFO - Started process (PID=66643) to work on /Users/deepanshu/Desktop/etc-spark-airflow/airflow/dags/dags.py
[2024-08-04T20:58:01.841+0530] {processor.py:830} INFO - Processing file /Users/deepanshu/Desktop/etc-spark-airflow/airflow/dags/dags.py for tasks to queue
[2024-08-04T20:58:01.842+0530] {logging_mixin.py:188} INFO - [2024-08-04T20:58:01.842+0530] {dagbag.py:545} INFO - Filling up the DagBag from /Users/deepanshu/Desktop/etc-spark-airflow/airflow/dags/dags.py
[2024-08-04T20:58:04.820+0530] {processor.py:840} INFO - DAG(s) 'etl_pipeline' retrieved from /Users/deepanshu/Desktop/etc-spark-airflow/airflow/dags/dags.py
[2024-08-04T20:58:04.951+0530] {logging_mixin.py:188} INFO - [2024-08-04T20:58:04.951+0530] {dag.py:3089} INFO - Sync 1 DAGs
[2024-08-04T20:58:04.962+0530] {logging_mixin.py:188} INFO - [2024-08-04T20:58:04.961+0530] {dag.py:3947} INFO - Setting next_dagrun for etl_pipeline to 2024-08-03 00:00:00+00:00, run_after=2024-08-03 01:00:00+00:00
[2024-08-04T20:58:05.012+0530] {processor.py:183} INFO - Processing /Users/deepanshu/Desktop/etc-spark-airflow/airflow/dags/dags.py took 3.174 seconds
[2024-08-04T21:00:44.954+0530] {processor.py:161} INFO - Started process (PID=68192) to work on /Users/deepanshu/Desktop/etc-spark-airflow/airflow/dags/dags.py
[2024-08-04T21:00:44.954+0530] {processor.py:830} INFO - Processing file /Users/deepanshu/Desktop/etc-spark-airflow/airflow/dags/dags.py for tasks to queue
[2024-08-04T21:00:44.955+0530] {logging_mixin.py:188} INFO - [2024-08-04T21:00:44.955+0530] {dagbag.py:545} INFO - Filling up the DagBag from /Users/deepanshu/Desktop/etc-spark-airflow/airflow/dags/dags.py
[2024-08-04T21:00:47.565+0530] {processor.py:840} INFO - DAG(s) 'etl_pipeline' retrieved from /Users/deepanshu/Desktop/etc-spark-airflow/airflow/dags/dags.py
[2024-08-04T21:00:47.683+0530] {logging_mixin.py:188} INFO - [2024-08-04T21:00:47.683+0530] {dag.py:3089} INFO - Sync 1 DAGs
[2024-08-04T21:00:47.693+0530] {logging_mixin.py:188} INFO - [2024-08-04T21:00:47.693+0530] {dag.py:3947} INFO - Setting next_dagrun for etl_pipeline to 2024-08-03 21:02:00+00:00, run_after=2024-08-04 21:02:00+00:00
[2024-08-04T21:00:47.742+0530] {processor.py:183} INFO - Processing /Users/deepanshu/Desktop/etc-spark-airflow/airflow/dags/dags.py took 2.790 seconds
[2024-08-04T21:02:48.311+0530] {processor.py:161} INFO - Started process (PID=69056) to work on /Users/deepanshu/Desktop/etc-spark-airflow/airflow/dags/dags.py
[2024-08-04T21:02:48.312+0530] {processor.py:830} INFO - Processing file /Users/deepanshu/Desktop/etc-spark-airflow/airflow/dags/dags.py for tasks to queue
[2024-08-04T21:02:48.312+0530] {logging_mixin.py:188} INFO - [2024-08-04T21:02:48.312+0530] {dagbag.py:545} INFO - Filling up the DagBag from /Users/deepanshu/Desktop/etc-spark-airflow/airflow/dags/dags.py
[2024-08-04T21:02:51.052+0530] {processor.py:840} INFO - DAG(s) 'etl_pipeline' retrieved from /Users/deepanshu/Desktop/etc-spark-airflow/airflow/dags/dags.py
[2024-08-04T21:02:51.173+0530] {logging_mixin.py:188} INFO - [2024-08-04T21:02:51.173+0530] {dag.py:3089} INFO - Sync 1 DAGs
[2024-08-04T21:02:51.177+0530] {logging_mixin.py:188} INFO - [2024-08-04T21:02:51.177+0530] {dag.py:3111} INFO - Creating ORM DAG for etl_pipeline
[2024-08-04T21:02:51.183+0530] {logging_mixin.py:188} INFO - [2024-08-04T21:02:51.183+0530] {dag.py:3947} INFO - Setting next_dagrun for etl_pipeline to 2024-08-03 21:03:00+00:00, run_after=2024-08-04 21:03:00+00:00
[2024-08-04T21:02:51.231+0530] {processor.py:183} INFO - Processing /Users/deepanshu/Desktop/etc-spark-airflow/airflow/dags/dags.py took 2.922 seconds
[2024-08-04T21:04:36.957+0530] {processor.py:161} INFO - Started process (PID=69798) to work on /Users/deepanshu/Desktop/etc-spark-airflow/airflow/dags/dags.py
[2024-08-04T21:04:36.958+0530] {processor.py:830} INFO - Processing file /Users/deepanshu/Desktop/etc-spark-airflow/airflow/dags/dags.py for tasks to queue
[2024-08-04T21:04:36.958+0530] {logging_mixin.py:188} INFO - [2024-08-04T21:04:36.958+0530] {dagbag.py:545} INFO - Filling up the DagBag from /Users/deepanshu/Desktop/etc-spark-airflow/airflow/dags/dags.py
[2024-08-04T21:04:39.662+0530] {processor.py:840} INFO - DAG(s) 'etl_pipeline' retrieved from /Users/deepanshu/Desktop/etc-spark-airflow/airflow/dags/dags.py
[2024-08-04T21:04:39.725+0530] {logging_mixin.py:188} INFO - [2024-08-04T21:04:39.725+0530] {dag.py:3089} INFO - Sync 1 DAGs
[2024-08-04T21:04:39.735+0530] {logging_mixin.py:188} INFO - [2024-08-04T21:04:39.735+0530] {dag.py:3947} INFO - Setting next_dagrun for etl_pipeline to 2024-08-03 21:03:00+00:00, run_after=2024-08-04 21:03:00+00:00
[2024-08-04T21:04:39.747+0530] {processor.py:183} INFO - Processing /Users/deepanshu/Desktop/etc-spark-airflow/airflow/dags/dags.py took 2.792 seconds
[2024-08-04T21:05:24.005+0530] {processor.py:161} INFO - Started process (PID=70152) to work on /Users/deepanshu/Desktop/etc-spark-airflow/airflow/dags/dags.py
[2024-08-04T21:05:24.007+0530] {processor.py:830} INFO - Processing file /Users/deepanshu/Desktop/etc-spark-airflow/airflow/dags/dags.py for tasks to queue
[2024-08-04T21:05:24.007+0530] {logging_mixin.py:188} INFO - [2024-08-04T21:05:24.007+0530] {dagbag.py:545} INFO - Filling up the DagBag from /Users/deepanshu/Desktop/etc-spark-airflow/airflow/dags/dags.py
[2024-08-04T21:05:26.625+0530] {processor.py:840} INFO - DAG(s) 'deep' retrieved from /Users/deepanshu/Desktop/etc-spark-airflow/airflow/dags/dags.py
[2024-08-04T21:05:26.744+0530] {logging_mixin.py:188} INFO - [2024-08-04T21:05:26.744+0530] {override.py:1858} INFO - Created Permission View: can delete on DAG:deep
[2024-08-04T21:05:26.749+0530] {logging_mixin.py:188} INFO - [2024-08-04T21:05:26.748+0530] {override.py:1858} INFO - Created Permission View: can edit on DAG:deep
[2024-08-04T21:05:26.752+0530] {logging_mixin.py:188} INFO - [2024-08-04T21:05:26.752+0530] {override.py:1858} INFO - Created Permission View: can read on DAG:deep
[2024-08-04T21:05:26.752+0530] {logging_mixin.py:188} INFO - [2024-08-04T21:05:26.752+0530] {dag.py:3089} INFO - Sync 1 DAGs
[2024-08-04T21:05:26.761+0530] {logging_mixin.py:188} INFO - [2024-08-04T21:05:26.760+0530] {dag.py:3111} INFO - Creating ORM DAG for deep
[2024-08-04T21:05:26.803+0530] {logging_mixin.py:188} INFO - [2024-08-04T21:05:26.803+0530] {dag.py:3947} INFO - Setting next_dagrun for deep to 2024-08-03 21:07:00+00:00, run_after=2024-08-04 21:07:00+00:00
[2024-08-04T21:05:26.813+0530] {processor.py:183} INFO - Processing /Users/deepanshu/Desktop/etc-spark-airflow/airflow/dags/dags.py took 2.809 seconds
[2024-08-04T21:07:07.457+0530] {processor.py:161} INFO - Started process (PID=70842) to work on /Users/deepanshu/Desktop/etc-spark-airflow/airflow/dags/dags.py
[2024-08-04T21:07:07.458+0530] {processor.py:830} INFO - Processing file /Users/deepanshu/Desktop/etc-spark-airflow/airflow/dags/dags.py for tasks to queue
[2024-08-04T21:07:07.459+0530] {logging_mixin.py:188} INFO - [2024-08-04T21:07:07.459+0530] {dagbag.py:545} INFO - Filling up the DagBag from /Users/deepanshu/Desktop/etc-spark-airflow/airflow/dags/dags.py
[2024-08-04T21:07:10.233+0530] {processor.py:840} INFO - DAG(s) 'deep' retrieved from /Users/deepanshu/Desktop/etc-spark-airflow/airflow/dags/dags.py
[2024-08-04T21:07:10.338+0530] {logging_mixin.py:188} INFO - [2024-08-04T21:07:10.338+0530] {dag.py:3089} INFO - Sync 1 DAGs
[2024-08-04T21:07:10.348+0530] {logging_mixin.py:188} INFO - [2024-08-04T21:07:10.348+0530] {dag.py:3947} INFO - Setting next_dagrun for deep to 2024-08-03 21:07:00+00:00, run_after=2024-08-04 21:07:00+00:00
[2024-08-04T21:07:10.360+0530] {processor.py:183} INFO - Processing /Users/deepanshu/Desktop/etc-spark-airflow/airflow/dags/dags.py took 2.904 seconds
[2024-08-04T21:07:53.267+0530] {processor.py:161} INFO - Started process (PID=71209) to work on /Users/deepanshu/Desktop/etc-spark-airflow/airflow/dags/dags.py
[2024-08-04T21:07:53.269+0530] {processor.py:830} INFO - Processing file /Users/deepanshu/Desktop/etc-spark-airflow/airflow/dags/dags.py for tasks to queue
[2024-08-04T21:07:53.269+0530] {logging_mixin.py:188} INFO - [2024-08-04T21:07:53.269+0530] {dagbag.py:545} INFO - Filling up the DagBag from /Users/deepanshu/Desktop/etc-spark-airflow/airflow/dags/dags.py
[2024-08-04T21:07:55.951+0530] {processor.py:840} INFO - DAG(s) 'deep' retrieved from /Users/deepanshu/Desktop/etc-spark-airflow/airflow/dags/dags.py
[2024-08-04T21:07:56.109+0530] {logging_mixin.py:188} INFO - [2024-08-04T21:07:56.108+0530] {dag.py:3089} INFO - Sync 1 DAGs
[2024-08-04T21:07:56.130+0530] {logging_mixin.py:188} INFO - [2024-08-04T21:07:56.130+0530] {dag.py:3947} INFO - Setting next_dagrun for deep to 2024-08-03 21:08:00+00:00, run_after=2024-08-04 21:08:00+00:00
[2024-08-04T21:07:56.186+0530] {processor.py:183} INFO - Processing /Users/deepanshu/Desktop/etc-spark-airflow/airflow/dags/dags.py took 2.920 seconds
[2024-08-04T21:08:09.041+0530] {processor.py:161} INFO - Started process (PID=71365) to work on /Users/deepanshu/Desktop/etc-spark-airflow/airflow/dags/dags.py
[2024-08-04T21:08:09.042+0530] {processor.py:830} INFO - Processing file /Users/deepanshu/Desktop/etc-spark-airflow/airflow/dags/dags.py for tasks to queue
[2024-08-04T21:08:09.042+0530] {logging_mixin.py:188} INFO - [2024-08-04T21:08:09.042+0530] {dagbag.py:545} INFO - Filling up the DagBag from /Users/deepanshu/Desktop/etc-spark-airflow/airflow/dags/dags.py
[2024-08-04T21:08:11.508+0530] {processor.py:840} INFO - DAG(s) 'deep' retrieved from /Users/deepanshu/Desktop/etc-spark-airflow/airflow/dags/dags.py
[2024-08-04T21:08:11.519+0530] {logging_mixin.py:188} INFO - [2024-08-04T21:08:11.519+0530] {dag.py:3089} INFO - Sync 1 DAGs
[2024-08-04T21:08:11.570+0530] {logging_mixin.py:188} INFO - [2024-08-04T21:08:11.570+0530] {dag.py:3947} INFO - Setting next_dagrun for deep to 2024-08-03 21:08:00+00:00, run_after=2024-08-04 21:08:00+00:00
[2024-08-04T21:08:11.582+0530] {processor.py:183} INFO - Processing /Users/deepanshu/Desktop/etc-spark-airflow/airflow/dags/dags.py took 2.542 seconds
[2024-08-04T21:08:21.768+0530] {processor.py:161} INFO - Started process (PID=71485) to work on /Users/deepanshu/Desktop/etc-spark-airflow/airflow/dags/dags.py
[2024-08-04T21:08:21.769+0530] {processor.py:830} INFO - Processing file /Users/deepanshu/Desktop/etc-spark-airflow/airflow/dags/dags.py for tasks to queue
[2024-08-04T21:08:21.769+0530] {logging_mixin.py:188} INFO - [2024-08-04T21:08:21.769+0530] {dagbag.py:545} INFO - Filling up the DagBag from /Users/deepanshu/Desktop/etc-spark-airflow/airflow/dags/dags.py
[2024-08-04T21:08:24.708+0530] {processor.py:840} INFO - DAG(s) 'deep' retrieved from /Users/deepanshu/Desktop/etc-spark-airflow/airflow/dags/dags.py
[2024-08-04T21:08:24.732+0530] {logging_mixin.py:188} INFO - [2024-08-04T21:08:24.729+0530] {dag.py:3089} INFO - Sync 1 DAGs
[2024-08-04T21:08:24.819+0530] {logging_mixin.py:188} INFO - [2024-08-04T21:08:24.819+0530] {dag.py:3947} INFO - Setting next_dagrun for deep to 2024-08-03 21:09:00+00:00, run_after=2024-08-04 21:09:00+00:00
[2024-08-04T21:08:24.835+0530] {processor.py:183} INFO - Processing /Users/deepanshu/Desktop/etc-spark-airflow/airflow/dags/dags.py took 3.069 seconds
[2024-08-04T21:08:51.105+0530] {processor.py:161} INFO - Started process (PID=71728) to work on /Users/deepanshu/Desktop/etc-spark-airflow/airflow/dags/dags.py
[2024-08-04T21:08:51.106+0530] {processor.py:830} INFO - Processing file /Users/deepanshu/Desktop/etc-spark-airflow/airflow/dags/dags.py for tasks to queue
[2024-08-04T21:08:51.106+0530] {logging_mixin.py:188} INFO - [2024-08-04T21:08:51.106+0530] {dagbag.py:545} INFO - Filling up the DagBag from /Users/deepanshu/Desktop/etc-spark-airflow/airflow/dags/dags.py
[2024-08-04T21:08:53.800+0530] {processor.py:840} INFO - DAG(s) 'deep' retrieved from /Users/deepanshu/Desktop/etc-spark-airflow/airflow/dags/dags.py
[2024-08-04T21:08:53.927+0530] {logging_mixin.py:188} INFO - [2024-08-04T21:08:53.926+0530] {dag.py:3089} INFO - Sync 1 DAGs
[2024-08-04T21:08:53.936+0530] {logging_mixin.py:188} INFO - [2024-08-04T21:08:53.936+0530] {dag.py:3947} INFO - Setting next_dagrun for deep to 2024-08-03 21:20:00+00:00, run_after=2024-08-04 21:20:00+00:00
[2024-08-04T21:08:53.988+0530] {processor.py:183} INFO - Processing /Users/deepanshu/Desktop/etc-spark-airflow/airflow/dags/dags.py took 2.885 seconds
